2023-05-16 17:05:750 INFO  MyAccountPage :45 - Click on my account tab[[ChromeDriver: chrome on WINDOWS (f0ee74f420b18870a34190f0e8705894)] -> xpath: //span[contains(text(),'My Account')]]
2023-05-16 17:05:398 INFO  MyAccountPage :80 - Select my account options[[[ChromeDriver: chrome on WINDOWS (f0ee74f420b18870a34190f0e8705894)] -> xpath: //ul[@class = 'dropdown-menu dropdown-menu-right']//li], [[ChromeDriver: chrome on WINDOWS (f0ee74f420b18870a34190f0e8705894)] -> xpath: //ul[@class = 'dropdown-menu dropdown-menu-right']//li]]
2023-05-16 17:05:432 INFO  MyAccountPage :59 - Get Text Return customer[[ChromeDriver: chrome on WINDOWS (f0ee74f420b18870a34190f0e8705894)] -> xpath: //h2[normalize-space()='Returning Customer']]
2023-05-16 17:05:307 INFO  MyAccountPage :45 - Click on my account tab[[ChromeDriver: chrome on WINDOWS (6c2a43d7ad1da67aa7c99cd8c2379645)] -> xpath: //span[contains(text(),'My Account')]]
2023-05-16 17:05:966 INFO  MyAccountPage :80 - Select my account options[[[ChromeDriver: chrome on WINDOWS (6c2a43d7ad1da67aa7c99cd8c2379645)] -> xpath: //ul[@class = 'dropdown-menu dropdown-menu-right']//li], [[ChromeDriver: chrome on WINDOWS (6c2a43d7ad1da67aa7c99cd8c2379645)] -> xpath: //ul[@class = 'dropdown-menu dropdown-menu-right']//li]]
2023-05-16 17:05:06 INFO  MyAccountLoginPage :34 - Enter email[[ChromeDriver: chrome on WINDOWS (6c2a43d7ad1da67aa7c99cd8c2379645)] -> id: input-email]
2023-05-16 17:05:177 INFO  MyAccountLoginPage :40 - Enter password[[ChromeDriver: chrome on WINDOWS (6c2a43d7ad1da67aa7c99cd8c2379645)] -> name: password]
2023-05-16 17:05:304 INFO  MyAccountLoginPage :45 - Click on login button[[ChromeDriver: chrome on WINDOWS (6c2a43d7ad1da67aa7c99cd8c2379645)] -> xpath: //input[@value='Login']]
2023-05-16 17:05:205 INFO  MyAccountLoginPage :50 - Get Text My account[[ChromeDriver: chrome on WINDOWS (6c2a43d7ad1da67aa7c99cd8c2379645)] -> xpath: //h2[contains(text(),'My Account')]]
2023-05-16 17:05:386 INFO  MyAccountPage :80 - Select my account options[[[ChromeDriver: chrome on WINDOWS (6c2a43d7ad1da67aa7c99cd8c2379645)] -> xpath: //ul[@class = 'dropdown-menu dropdown-menu-right']//li], [[ChromeDriver: chrome on WINDOWS (6c2a43d7ad1da67aa7c99cd8c2379645)] -> xpath: //ul[@class = 'dropdown-menu dropdown-menu-right']//li]]
2023-05-16 17:05:425 INFO  MyAccountRegisterPage :139 - Get text account logout[[ChromeDriver: chrome on WINDOWS (6c2a43d7ad1da67aa7c99cd8c2379645)] -> xpath: //h1[contains(text(),'Account Logout')]]
2023-05-16 17:05:475 INFO  MyAccountRegisterPage :124 - Click on continue button[[ChromeDriver: chrome on WINDOWS (6c2a43d7ad1da67aa7c99cd8c2379645)] -> xpath: //a[contains(text(),'Continue')]]
2023-05-16 17:05:375 INFO  MyAccountPage :45 - Click on my account tab[[ChromeDriver: chrome on WINDOWS (712989df6e5226aea807ef66d2bc1b9b)] -> xpath: //span[contains(text(),'My Account')]]
2023-05-16 17:05:612 INFO  MyAccountPage :80 - Select my account options[[[ChromeDriver: chrome on WINDOWS (712989df6e5226aea807ef66d2bc1b9b)] -> xpath: //ul[@class = 'dropdown-menu dropdown-menu-right']//li], [[ChromeDriver: chrome on WINDOWS (712989df6e5226aea807ef66d2bc1b9b)] -> xpath: //ul[@class = 'dropdown-menu dropdown-menu-right']//li]]
2023-05-16 17:05:643 INFO  MyAccountPage :53 - Get Text Register account[[ChromeDriver: chrome on WINDOWS (712989df6e5226aea807ef66d2bc1b9b)] -> xpath: //h1[normalize-space()='Register Account']]
2023-05-16 17:05:916 INFO  MyAccountPage :45 - Click on my account tab[[ChromeDriver: chrome on WINDOWS (9055a30590dcf890f7e1c2faacb66a9c)] -> xpath: //span[contains(text(),'My Account')]]
2023-05-16 17:05:661 INFO  MyAccountPage :80 - Select my account options[[[ChromeDriver: chrome on WINDOWS (9055a30590dcf890f7e1c2faacb66a9c)] -> xpath: //ul[@class = 'dropdown-menu dropdown-menu-right']//li], [[ChromeDriver: chrome on WINDOWS (9055a30590dcf890f7e1c2faacb66a9c)] -> xpath: //ul[@class = 'dropdown-menu dropdown-menu-right']//li]]
2023-05-16 17:05:705 INFO  MyAccountPage :59 - Get Text Return customer[[ChromeDriver: chrome on WINDOWS (9055a30590dcf890f7e1c2faacb66a9c)] -> xpath: //h2[normalize-space()='Returning Customer']]
2023-05-16 17:05:266 INFO  MyAccountPage :45 - Click on my account tab[[ChromeDriver: chrome on WINDOWS (ca3ccd4bfe0e4d78d961692202daee33)] -> xpath: //span[contains(text(),'My Account')]]
2023-05-16 17:05:326 INFO  MyAccountPage :80 - Select my account options[[[ChromeDriver: chrome on WINDOWS (ca3ccd4bfe0e4d78d961692202daee33)] -> xpath: //ul[@class = 'dropdown-menu dropdown-menu-right']//li], [[ChromeDriver: chrome on WINDOWS (ca3ccd4bfe0e4d78d961692202daee33)] -> xpath: //ul[@class = 'dropdown-menu dropdown-menu-right']//li]]
2023-05-16 17:05:362 INFO  MyAccountRegisterPage :74 - Enter first name[[ChromeDriver: chrome on WINDOWS (ca3ccd4bfe0e4d78d961692202daee33)] -> name: firstname]
2023-05-16 17:05:505 INFO  MyAccountRegisterPage :79 - Enter last name[[ChromeDriver: chrome on WINDOWS (ca3ccd4bfe0e4d78d961692202daee33)] -> name: lastname]
2023-05-16 17:05:730 INFO  MyAccountRegisterPage :84 - Enter email[[ChromeDriver: chrome on WINDOWS (ca3ccd4bfe0e4d78d961692202daee33)] -> name: email]
2023-05-16 17:05:31 INFO  MyAccountRegisterPage :89 - Enter Telephone[[ChromeDriver: chrome on WINDOWS (ca3ccd4bfe0e4d78d961692202daee33)] -> name: telephone]
2023-05-16 17:05:217 INFO  MyAccountRegisterPage :94 - Enter password[[ChromeDriver: chrome on WINDOWS (ca3ccd4bfe0e4d78d961692202daee33)] -> id: input-password]
2023-05-16 17:05:384 INFO  MyAccountRegisterPage :99 - Enter confirm password[[ChromeDriver: chrome on WINDOWS (ca3ccd4bfe0e4d78d961692202daee33)] -> id: input-confirm]
2023-05-16 17:05:506 INFO  MyAccountRegisterPage :104 - Click on radio button for subscribe[[ChromeDriver: chrome on WINDOWS (ca3ccd4bfe0e4d78d961692202daee33)] -> xpath: (//input[@type='radio'])[2]]
2023-05-16 17:05:615 INFO  MyAccountRegisterPage :109 - Click on privacy check box[[ChromeDriver: chrome on WINDOWS (ca3ccd4bfe0e4d78d961692202daee33)] -> name: agree]
2023-05-16 17:05:715 INFO  MyAccountRegisterPage :114 - Click on continue button[[ChromeDriver: chrome on WINDOWS (ca3ccd4bfe0e4d78d961692202daee33)] -> xpath: //input[@type='submit']]
2023-05-16 17:05:02 INFO  MyAccountPage :45 - Click on my account tab[[ChromeDriver: chrome on WINDOWS (bfa8db13be5366f39e646a43a6181e25)] -> xpath: //span[contains(text(),'My Account')]]
2023-05-16 17:05:485 INFO  MyAccountPage :80 - Select my account options[[[ChromeDriver: chrome on WINDOWS (bfa8db13be5366f39e646a43a6181e25)] -> xpath: //ul[@class = 'dropdown-menu dropdown-menu-right']//li], [[ChromeDriver: chrome on WINDOWS (bfa8db13be5366f39e646a43a6181e25)] -> xpath: //ul[@class = 'dropdown-menu dropdown-menu-right']//li]]
2023-05-16 17:05:521 INFO  MyAccountPage :53 - Get Text Register account[[ChromeDriver: chrome on WINDOWS (bfa8db13be5366f39e646a43a6181e25)] -> xpath: //h1[normalize-space()='Register Account']]
2023-05-16 17:05:250 INFO  MyAccountRegisterPage :119 - Get text account is createdProxy element for: DefaultElementLocator 'By.xpath: //h1[contains(text(),'Your Account Has Been Created!')]'
2023-05-16 17:05:784 INFO  DesktopPage :84 - Mouse hover and click on desktop[[ChromeDriver: chrome on WINDOWS (1e4300c4d445264673adfef0fd2989ce)] -> link text: Desktops]
2023-05-16 17:05:965 INFO  DesktopPage :89 - Click on show all desktop[[ChromeDriver: chrome on WINDOWS (1e4300c4d445264673adfef0fd2989ce)] -> link text: Show AllDesktops]
2023-05-16 17:05:140 INFO  DesktopPage :94 - Select sort by Z to A[[ChromeDriver: chrome on WINDOWS (1e4300c4d445264673adfef0fd2989ce)] -> id: input-sort]
2023-05-16 17:05:323 INFO  HomePage :56 - Mouse hover and click on Laptop and Notebooks[[ChromeDriver: chrome on WINDOWS (c2f3a85f77807d67a941d0fb2606b6f9)] -> link text: Laptops & Notebooks]
2023-05-16 17:05:820 INFO  DesktopPage :84 - Mouse hover and click on desktop[[ChromeDriver: chrome on WINDOWS (8c80feecd618eab111fd6aaad02c7e00)] -> link text: Desktops]
2023-05-16 17:05:545 INFO  DesktopPage :89 - Click on show all desktop[[ChromeDriver: chrome on WINDOWS (8c80feecd618eab111fd6aaad02c7e00)] -> link text: Show AllDesktops]
2023-05-16 17:05:780 INFO  DesktopPage :94 - Select sort by Z to A[[ChromeDriver: chrome on WINDOWS (8c80feecd618eab111fd6aaad02c7e00)] -> id: input-sort]
2023-05-16 17:05:911 INFO  HomePage :76 - Select from top menu[]
2023-05-16 17:05:363 INFO  LaptopsAndNotebooksPage :121 - Original product list[[[ChromeDriver: chrome on WINDOWS (c2f3a85f77807d67a941d0fb2606b6f9)] -> xpath: //p[@class ='price']], [[ChromeDriver: chrome on WINDOWS (c2f3a85f77807d67a941d0fb2606b6f9)] -> xpath: //p[@class ='price']], [[ChromeDriver: chrome on WINDOWS (c2f3a85f77807d67a941d0fb2606b6f9)] -> xpath: //p[@class ='price']], [[ChromeDriver: chrome on WINDOWS (c2f3a85f77807d67a941d0fb2606b6f9)] -> xpath: //p[@class ='price']], [[ChromeDriver: chrome on WINDOWS (c2f3a85f77807d67a941d0fb2606b6f9)] -> xpath: //p[@class ='price']]]
2023-05-16 17:05:409 INFO  LaptopsAndNotebooksPage :127 - Product Sort by High low price[[ChromeDriver: chrome on WINDOWS (c2f3a85f77807d67a941d0fb2606b6f9)] -> id: input-sort]
2023-05-16 17:05:509 INFO  LaptopsAndNotebooksPage :140 - After sort by price[[[ChromeDriver: chrome on WINDOWS (c2f3a85f77807d67a941d0fb2606b6f9)] -> xpath: //p[@class ='price']], [[ChromeDriver: chrome on WINDOWS (c2f3a85f77807d67a941d0fb2606b6f9)] -> xpath: //p[@class ='price']], [[ChromeDriver: chrome on WINDOWS (c2f3a85f77807d67a941d0fb2606b6f9)] -> xpath: //p[@class ='price']], [[ChromeDriver: chrome on WINDOWS (c2f3a85f77807d67a941d0fb2606b6f9)] -> xpath: //p[@class ='price']], [[ChromeDriver: chrome on WINDOWS (c2f3a85f77807d67a941d0fb2606b6f9)] -> xpath: //p[@class ='price']]]
2023-05-16 17:05:41 INFO  DesktopPage :84 - Mouse hover and click on desktop[[ChromeDriver: chrome on WINDOWS (10e6004e1cc1c01707c5ef225b0926c7)] -> link text: Desktops]
2023-05-16 17:05:377 INFO  DesktopPage :89 - Click on show all desktop[[ChromeDriver: chrome on WINDOWS (10e6004e1cc1c01707c5ef225b0926c7)] -> link text: Show AllDesktops]
2023-05-16 17:05:493 INFO  DesktopPage :79 - Select sort by A to Z[[ChromeDriver: chrome on WINDOWS (10e6004e1cc1c01707c5ef225b0926c7)] -> id: input-sort]
2023-05-16 17:05:140 INFO  DesktopPage :99 - Select product[[ChromeDriver: chrome on WINDOWS (10e6004e1cc1c01707c5ef225b0926c7)] -> xpath: //a[contains(text(),'HP LP3065')]]
2023-05-16 17:05:464 INFO  DesktopPage :109 - Get text HP[[ChromeDriver: chrome on WINDOWS (10e6004e1cc1c01707c5ef225b0926c7)] -> xpath: //h1[contains(text(),'HP LP3065')]]
2023-05-16 17:05:944 INFO  DesktopPage :84 - Mouse hover and click on desktop[[ChromeDriver: chrome on WINDOWS (c9d94b43a23b58bf49eedec49706709a)] -> link text: Desktops]
2023-05-16 17:05:148 INFO  DesktopPage :89 - Click on show all desktop[[ChromeDriver: chrome on WINDOWS (c9d94b43a23b58bf49eedec49706709a)] -> link text: Show AllDesktops]
2023-05-16 17:05:120 INFO  DesktopPage :104 - Add to cart[[ChromeDriver: chrome on WINDOWS (10e6004e1cc1c01707c5ef225b0926c7)] -> id: button-cart]
2023-05-16 17:05:31 INFO  HomePage :80 - Get Text Desktop[[ChromeDriver: chrome on WINDOWS (c9d94b43a23b58bf49eedec49706709a)] -> xpath: //h2[contains(text(),'Desktops')]]
2023-05-16 17:05:774 INFO  DesktopPage :114 - Get text Success Message[[ChromeDriver: chrome on WINDOWS (10e6004e1cc1c01707c5ef225b0926c7)] -> xpath: //div[@class='alert alert-success alert-dismissible']]
2023-05-16 17:05:854 INFO  ShoppingCartPage :34 - Click on shopping cart[[ChromeDriver: chrome on WINDOWS (10e6004e1cc1c01707c5ef225b0926c7)] -> xpath: //a[contains(text(),'shopping cart')]]
2023-05-16 17:05:768 INFO  DesktopPage :119 - Get text Shopping cart[[ChromeDriver: chrome on WINDOWS (10e6004e1cc1c01707c5ef225b0926c7)] -> xpath: //h1[contains(text(),'Shopping Cart')]]
2023-05-16 17:05:878 INFO  ShoppingCartPage :40 - Click on currency tab[[ChromeDriver: chrome on WINDOWS (10e6004e1cc1c01707c5ef225b0926c7)] -> xpath: //span[contains(text(),'Currency')]]
2023-05-16 17:05:983 INFO  ShoppingCartPage :45 - Click on pound sterling[[ChromeDriver: chrome on WINDOWS (10e6004e1cc1c01707c5ef225b0926c7)] -> xpath: //button[contains(text(),'£Pound Sterling')]]
2023-05-16 17:05:871 INFO  DesktopPage :124 - Get text HPP Product[[ChromeDriver: chrome on WINDOWS (10e6004e1cc1c01707c5ef225b0926c7)] -> xpath: (//a[text()='HP LP3065'])[2]]
2023-05-16 17:05:916 INFO  DesktopPage :139 - Get text delivery date[[ChromeDriver: chrome on WINDOWS (10e6004e1cc1c01707c5ef225b0926c7)] -> xpath: //small[normalize-space()='Delivery Date:2023-11-30']]
2023-05-16 17:05:955 INFO  DesktopPage :129 - Get text Product 21[[ChromeDriver: chrome on WINDOWS (10e6004e1cc1c01707c5ef225b0926c7)] -> xpath: //td[normalize-space()='Product 21']]
2023-05-16 17:05:999 INFO  DesktopPage :134 - Get text Total cost[[ChromeDriver: chrome on WINDOWS (10e6004e1cc1c01707c5ef225b0926c7)] -> xpath: (//td[@class='text-right'][normalize-space()='£74.73'])[4]]
2023-05-16 17:05:651 INFO  HomePage :56 - Mouse hover and click on Laptop and Notebooks[[ChromeDriver: chrome on WINDOWS (11303cd62a934f8df9ed75bc807faba0)] -> link text: Laptops & Notebooks]
2023-05-16 17:05:324 INFO  HomePage :76 - Select from top menu[]
2023-05-16 17:05:515 INFO  LaptopsAndNotebooksPage :121 - Original product list[[[ChromeDriver: chrome on WINDOWS (11303cd62a934f8df9ed75bc807faba0)] -> xpath: //p[@class ='price']], [[ChromeDriver: chrome on WINDOWS (11303cd62a934f8df9ed75bc807faba0)] -> xpath: //p[@class ='price']], [[ChromeDriver: chrome on WINDOWS (11303cd62a934f8df9ed75bc807faba0)] -> xpath: //p[@class ='price']], [[ChromeDriver: chrome on WINDOWS (11303cd62a934f8df9ed75bc807faba0)] -> xpath: //p[@class ='price']], [[ChromeDriver: chrome on WINDOWS (11303cd62a934f8df9ed75bc807faba0)] -> xpath: //p[@class ='price']]]
2023-05-16 17:05:541 INFO  LaptopsAndNotebooksPage :127 - Product Sort by High low price[[ChromeDriver: chrome on WINDOWS (11303cd62a934f8df9ed75bc807faba0)] -> id: input-sort]
2023-05-16 17:05:284 INFO  LaptopsAndNotebooksPage :140 - After sort by price[[[ChromeDriver: chrome on WINDOWS (11303cd62a934f8df9ed75bc807faba0)] -> xpath: //p[@class ='price']], [[ChromeDriver: chrome on WINDOWS (11303cd62a934f8df9ed75bc807faba0)] -> xpath: //p[@class ='price']], [[ChromeDriver: chrome on WINDOWS (11303cd62a934f8df9ed75bc807faba0)] -> xpath: //p[@class ='price']], [[ChromeDriver: chrome on WINDOWS (11303cd62a934f8df9ed75bc807faba0)] -> xpath: //p[@class ='price']], [[ChromeDriver: chrome on WINDOWS (11303cd62a934f8df9ed75bc807faba0)] -> xpath: //p[@class ='price']]]
2023-05-16 17:05:861 INFO  HomePage :56 - Mouse hover and click on Laptop and Notebooks[[ChromeDriver: chrome on WINDOWS (fdf2f5061f2007411a4d1b7008ff74ec)] -> link text: Laptops & Notebooks]
2023-05-16 17:05:228 INFO  LaptopsAndNotebooksPage :104 - Click on show all laptop and notebooks[[ChromeDriver: chrome on WINDOWS (fdf2f5061f2007411a4d1b7008ff74ec)] -> link text: Show AllLaptops & Notebooks]
2023-05-16 17:05:724 INFO  LaptopsAndNotebooksPage :121 - Original product list[[[ChromeDriver: chrome on WINDOWS (fdf2f5061f2007411a4d1b7008ff74ec)] -> xpath: //p[@class ='price']], [[ChromeDriver: chrome on WINDOWS (fdf2f5061f2007411a4d1b7008ff74ec)] -> xpath: //p[@class ='price']], [[ChromeDriver: chrome on WINDOWS (fdf2f5061f2007411a4d1b7008ff74ec)] -> xpath: //p[@class ='price']], [[ChromeDriver: chrome on WINDOWS (fdf2f5061f2007411a4d1b7008ff74ec)] -> xpath: //p[@class ='price']], [[ChromeDriver: chrome on WINDOWS (fdf2f5061f2007411a4d1b7008ff74ec)] -> xpath: //p[@class ='price']]]
2023-05-16 17:05:752 INFO  LaptopsAndNotebooksPage :127 - Product Sort by High low price[[ChromeDriver: chrome on WINDOWS (fdf2f5061f2007411a4d1b7008ff74ec)] -> id: input-sort]
2023-05-16 17:05:428 INFO  LaptopsAndNotebooksPage :143 - Click on Macbook[[ChromeDriver: chrome on WINDOWS (fdf2f5061f2007411a4d1b7008ff74ec)] -> link text: MacBook]
2023-05-16 17:05:530 INFO  LaptopsAndNotebooksPage :147 - Get Text MacBook[[ChromeDriver: chrome on WINDOWS (fdf2f5061f2007411a4d1b7008ff74ec)] -> xpath: //h1[contains(text(),'MacBook')]]
2023-05-16 17:05:576 INFO  LaptopsAndNotebooksPage :151 - Click on add to cart[[ChromeDriver: chrome on WINDOWS (fdf2f5061f2007411a4d1b7008ff74ec)] -> xpath: //button[@id='button-cart']]
2023-05-16 17:05:996 INFO  LaptopsAndNotebooksPage :155 - Get Text Success[[ChromeDriver: chrome on WINDOWS (fdf2f5061f2007411a4d1b7008ff74ec)] -> xpath: //div[@class='alert alert-success alert-dismissible']]
2023-05-16 17:05:46 INFO  ShoppingCartPage :34 - Click on shopping cart[[ChromeDriver: chrome on WINDOWS (fdf2f5061f2007411a4d1b7008ff74ec)] -> xpath: //a[contains(text(),'shopping cart')]]
2023-05-16 17:05:726 INFO  ShoppingCartPage :40 - Click on currency tab[[ChromeDriver: chrome on WINDOWS (fdf2f5061f2007411a4d1b7008ff74ec)] -> xpath: //span[contains(text(),'Currency')]]
2023-05-16 17:05:832 INFO  ShoppingCartPage :45 - Click on pound sterling[[ChromeDriver: chrome on WINDOWS (fdf2f5061f2007411a4d1b7008ff74ec)] -> xpath: //button[contains(text(),'£Pound Sterling')]]
2023-05-16 17:05:766 INFO  LaptopsAndNotebooksPage :164 - Get text shopping cart[[ChromeDriver: chrome on WINDOWS (fdf2f5061f2007411a4d1b7008ff74ec)] -> xpath: //div[@id='content']//h1]
2023-05-16 17:05:25 INFO  LaptopsAndNotebooksPage :168 - Get Text MacBook[[ChromeDriver: chrome on WINDOWS (fdf2f5061f2007411a4d1b7008ff74ec)] -> xpath: //div[@class = 'table-responsive']/table/tbody/tr/td[2]/a]
2023-05-16 17:05:279 INFO  LaptopsAndNotebooksPage :175 - Change the Qty[[ChromeDriver: chrome on WINDOWS (fdf2f5061f2007411a4d1b7008ff74ec)] -> xpath: //input[contains(@name, 'quantity')]]
2023-05-16 17:05:441 INFO  LaptopsAndNotebooksPage :179 - Click on update tab[[ChromeDriver: chrome on WINDOWS (fdf2f5061f2007411a4d1b7008ff74ec)] -> xpath: //button[contains(@data-original-title, 'Update')]]
2023-05-16 17:05:914 INFO  LaptopsAndNotebooksPage :183 - Get Text modified success[[ChromeDriver: chrome on WINDOWS (fdf2f5061f2007411a4d1b7008ff74ec)] -> xpath: //div[@id='checkout-cart']/div[1]]
2023-05-16 17:05:966 INFO  LaptopsAndNotebooksPage :187 - Get Text Total amount[[ChromeDriver: chrome on WINDOWS (fdf2f5061f2007411a4d1b7008ff74ec)] -> xpath: //div[@class = 'table-responsive']/table/tbody/tr/td[6]]
2023-05-16 17:05:15 INFO  LaptopsAndNotebooksPage :191 - Click on checkout[[ChromeDriver: chrome on WINDOWS (fdf2f5061f2007411a4d1b7008ff74ec)] -> xpath: //a[contains(text(),'Checkout')]]
2023-05-16 17:05:609 INFO  LaptopsAndNotebooksPage :195 - Get Text Check Out[[ChromeDriver: chrome on WINDOWS (fdf2f5061f2007411a4d1b7008ff74ec)] -> xpath: //h1[contains(text(),'Checkout')]]
2023-05-16 17:05:691 INFO  LaptopsAndNotebooksPage :199 - Get Text New customer[[ChromeDriver: chrome on WINDOWS (fdf2f5061f2007411a4d1b7008ff74ec)] -> xpath: //h2[contains(text(),'New Customer')]]
2023-05-16 17:05:761 INFO  LaptopsAndNotebooksPage :204 - Click on guest checkout button[[ChromeDriver: chrome on WINDOWS (fdf2f5061f2007411a4d1b7008ff74ec)] -> xpath: //input[@value='guest']]
2023-05-16 17:05:889 INFO  LaptopsAndNotebooksPage :209 - Click on Continue button[[ChromeDriver: chrome on WINDOWS (fdf2f5061f2007411a4d1b7008ff74ec)] -> xpath: //input[@id='button-account']]
2023-05-16 17:05:335 INFO  CheckoutPage :61 - Enter first name[[ChromeDriver: chrome on WINDOWS (fdf2f5061f2007411a4d1b7008ff74ec)] -> xpath: //input[@id='input-payment-firstname']]
2023-05-16 17:05:494 INFO  CheckoutPage :66 - Enter last name[[ChromeDriver: chrome on WINDOWS (fdf2f5061f2007411a4d1b7008ff74ec)] -> xpath: //input[@id='input-payment-lastname']]
2023-05-16 17:05:766 INFO  CheckoutPage :71 - Enter email[[ChromeDriver: chrome on WINDOWS (fdf2f5061f2007411a4d1b7008ff74ec)] -> xpath: //input[@id='input-payment-email']]
2023-05-16 17:05:16 INFO  CheckoutPage :76 - Enter Telephone[[ChromeDriver: chrome on WINDOWS (fdf2f5061f2007411a4d1b7008ff74ec)] -> xpath: //input[@id='input-payment-telephone']]
2023-05-16 17:05:199 INFO  CheckoutPage :81 - Enter Address[[ChromeDriver: chrome on WINDOWS (fdf2f5061f2007411a4d1b7008ff74ec)] -> xpath: //input[@id='input-payment-address-1']]
2023-05-16 17:05:405 INFO  CheckoutPage :86 - Enter City[[ChromeDriver: chrome on WINDOWS (fdf2f5061f2007411a4d1b7008ff74ec)] -> xpath: //input[@id='input-payment-city']]
2023-05-16 17:05:547 INFO  CheckoutPage :91 - Enter postcode[[ChromeDriver: chrome on WINDOWS (fdf2f5061f2007411a4d1b7008ff74ec)] -> xpath: //input[@id='input-payment-postcode']]
2023-05-16 17:05:692 INFO  CheckoutPage :96 - Enter Country[[ChromeDriver: chrome on WINDOWS (fdf2f5061f2007411a4d1b7008ff74ec)] -> xpath: //select[@id='input-payment-country']]
2023-05-16 17:05:862 INFO  CheckoutPage :101 - Enter State[[ChromeDriver: chrome on WINDOWS (fdf2f5061f2007411a4d1b7008ff74ec)] -> xpath: //select[@id='input-payment-zone']]
2023-05-16 17:05:993 INFO  CheckoutPage :106 - Click on continue button[[ChromeDriver: chrome on WINDOWS (fdf2f5061f2007411a4d1b7008ff74ec)] -> xpath: //input[@id='button-guest']]
2023-05-16 17:05:710 INFO  CheckoutPage :111 - Enter comment[[ChromeDriver: chrome on WINDOWS (fdf2f5061f2007411a4d1b7008ff74ec)] -> tag name: textarea]
2023-05-16 17:05:895 INFO  CheckoutPage :116 - Check terms and condition[[ChromeDriver: chrome on WINDOWS (fdf2f5061f2007411a4d1b7008ff74ec)] -> name: agree]
2023-05-16 17:05:57 INFO  CheckoutPage :121 - Click on continue button for payment[[ChromeDriver: chrome on WINDOWS (fdf2f5061f2007411a4d1b7008ff74ec)] -> xpath: //input[@id='button-payment-method']]
2023-05-16 17:05:462 INFO  CheckoutPage :126 - Get Text for warning[[ChromeDriver: chrome on WINDOWS (fdf2f5061f2007411a4d1b7008ff74ec)] -> xpath: //div[text()='Warning: Payment method required!']]
2023-05-16 17:05:369 INFO  DesktopPage :84 - Mouse hover and click on desktop[[ChromeDriver: chrome on WINDOWS (5a833e96ae785ce9d70581edfa7cd02e)] -> link text: Desktops]
2023-05-16 17:05:904 INFO  DesktopPage :89 - Click on show all desktop[[ChromeDriver: chrome on WINDOWS (5a833e96ae785ce9d70581edfa7cd02e)] -> link text: Show AllDesktops]
2023-05-16 17:05:713 INFO  HomePage :80 - Get Text Desktop[[ChromeDriver: chrome on WINDOWS (5a833e96ae785ce9d70581edfa7cd02e)] -> xpath: //h2[contains(text(),'Desktops')]]
2023-05-16 17:05:904 INFO  HomePage :56 - Mouse hover and click on Laptop and Notebooks[[ChromeDriver: chrome on WINDOWS (c33cef173c701ae70bcdc564852eb059)] -> link text: Laptops & Notebooks]
2023-05-16 17:05:356 INFO  HomePage :76 - Select from top menu[]
2023-05-16 17:05:775 INFO  HomePage :61 - Mouse hover and click on Components[[ChromeDriver: chrome on WINDOWS (08002fd3dc63803fe680fee29884313c)] -> link text: Components]
2023-05-16 17:05:82 INFO  HomePage :76 - Select from top menu[]
2023-05-16 17:05:131 INFO  HomePage :90 - Get Text Components[[ChromeDriver: chrome on WINDOWS (08002fd3dc63803fe680fee29884313c)] -> xpath: //h2[contains(text(),'Components')]]
2023-05-16 17:05:638 INFO  MyAccountPage :45 - Click on my account tab[[ChromeDriver: chrome on WINDOWS (2fe74c7bc35937edf3b097a0374f2f3a)] -> xpath: //span[contains(text(),'My Account')]]
2023-05-16 17:05:243 INFO  MyAccountPage :80 - Select my account options[[[ChromeDriver: chrome on WINDOWS (2fe74c7bc35937edf3b097a0374f2f3a)] -> xpath: //ul[@class = 'dropdown-menu dropdown-menu-right']//li], [[ChromeDriver: chrome on WINDOWS (2fe74c7bc35937edf3b097a0374f2f3a)] -> xpath: //ul[@class = 'dropdown-menu dropdown-menu-right']//li]]
2023-05-16 17:05:279 INFO  MyAccountLoginPage :34 - Enter email[[ChromeDriver: chrome on WINDOWS (2fe74c7bc35937edf3b097a0374f2f3a)] -> id: input-email]
2023-05-16 17:05:439 INFO  MyAccountLoginPage :40 - Enter password[[ChromeDriver: chrome on WINDOWS (2fe74c7bc35937edf3b097a0374f2f3a)] -> name: password]
2023-05-16 17:05:544 INFO  MyAccountLoginPage :45 - Click on login button[[ChromeDriver: chrome on WINDOWS (2fe74c7bc35937edf3b097a0374f2f3a)] -> xpath: //input[@value='Login']]
2023-05-16 17:05:887 INFO  MyAccountLoginPage :50 - Get Text My accountProxy element for: DefaultElementLocator 'By.xpath: //h2[contains(text(),'My Account')]'
2023-05-16 17:05:644 INFO  MyAccountPage :45 - Click on my account tab[[ChromeDriver: chrome on WINDOWS (2c697d48b946cfd65650cd9e962dfe97)] -> xpath: //span[contains(text(),'My Account')]]
2023-05-16 17:05:50 INFO  MyAccountPage :80 - Select my account options[[[ChromeDriver: chrome on WINDOWS (2c697d48b946cfd65650cd9e962dfe97)] -> xpath: //ul[@class = 'dropdown-menu dropdown-menu-right']//li], [[ChromeDriver: chrome on WINDOWS (2c697d48b946cfd65650cd9e962dfe97)] -> xpath: //ul[@class = 'dropdown-menu dropdown-menu-right']//li]]
2023-05-16 17:05:80 INFO  MyAccountRegisterPage :74 - Enter first name[[ChromeDriver: chrome on WINDOWS (2c697d48b946cfd65650cd9e962dfe97)] -> name: firstname]
2023-05-16 17:05:204 INFO  MyAccountRegisterPage :79 - Enter last name[[ChromeDriver: chrome on WINDOWS (2c697d48b946cfd65650cd9e962dfe97)] -> name: lastname]
2023-05-16 17:05:321 INFO  MyAccountRegisterPage :84 - Enter email[[ChromeDriver: chrome on WINDOWS (2c697d48b946cfd65650cd9e962dfe97)] -> name: email]
2023-05-16 17:05:460 INFO  MyAccountRegisterPage :89 - Enter Telephone[[ChromeDriver: chrome on WINDOWS (2c697d48b946cfd65650cd9e962dfe97)] -> name: telephone]
2023-05-16 17:05:578 INFO  MyAccountRegisterPage :94 - Enter password[[ChromeDriver: chrome on WINDOWS (2c697d48b946cfd65650cd9e962dfe97)] -> id: input-password]
2023-05-16 17:05:689 INFO  MyAccountRegisterPage :99 - Enter confirm password[[ChromeDriver: chrome on WINDOWS (2c697d48b946cfd65650cd9e962dfe97)] -> id: input-confirm]
2023-05-16 17:05:792 INFO  MyAccountRegisterPage :104 - Click on radio button for subscribe[[ChromeDriver: chrome on WINDOWS (2c697d48b946cfd65650cd9e962dfe97)] -> xpath: (//input[@type='radio'])[2]]
2023-05-16 17:05:884 INFO  MyAccountRegisterPage :109 - Click on privacy check box[[ChromeDriver: chrome on WINDOWS (2c697d48b946cfd65650cd9e962dfe97)] -> name: agree]
2023-05-16 17:05:973 INFO  MyAccountRegisterPage :114 - Click on continue button[[ChromeDriver: chrome on WINDOWS (2c697d48b946cfd65650cd9e962dfe97)] -> xpath: //input[@type='submit']]
2023-05-16 17:05:37 INFO  MyAccountRegisterPage :119 - Get text account is created[[ChromeDriver: chrome on WINDOWS (2c697d48b946cfd65650cd9e962dfe97)] -> xpath: //h1[contains(text(),'Your Account Has Been Created!')]]
2023-05-16 17:05:110 INFO  MyAccountRegisterPage :124 - Click on continue button[[ChromeDriver: chrome on WINDOWS (2c697d48b946cfd65650cd9e962dfe97)] -> xpath: //a[contains(text(),'Continue')]]
2023-05-16 17:05:538 INFO  MyAccountPage :80 - Select my account options[[[ChromeDriver: chrome on WINDOWS (2c697d48b946cfd65650cd9e962dfe97)] -> xpath: //ul[@class = 'dropdown-menu dropdown-menu-right']//li], [[ChromeDriver: chrome on WINDOWS (2c697d48b946cfd65650cd9e962dfe97)] -> xpath: //ul[@class = 'dropdown-menu dropdown-menu-right']//li]]
2023-05-16 17:05:563 INFO  MyAccountRegisterPage :124 - Click on continue button[[ChromeDriver: chrome on WINDOWS (2c697d48b946cfd65650cd9e962dfe97)] -> xpath: //a[contains(text(),'Continue')]]
2023-05-16 17:05:345 INFO  DesktopPage :84 - Mouse hover and click on desktop[[ChromeDriver: chrome on WINDOWS (ed066e2c9930313d7e782d28e89dc009)] -> link text: Desktops]
2023-05-16 17:05:791 INFO  DesktopPage :89 - Click on show all desktop[[ChromeDriver: chrome on WINDOWS (ed066e2c9930313d7e782d28e89dc009)] -> link text: Show AllDesktops]
2023-05-16 17:05:932 INFO  DesktopPage :79 - Select sort by A to Z[[ChromeDriver: chrome on WINDOWS (ed066e2c9930313d7e782d28e89dc009)] -> id: input-sort]
2023-05-16 17:05:553 INFO  DesktopPage :99 - Select product[[ChromeDriver: chrome on WINDOWS (ed066e2c9930313d7e782d28e89dc009)] -> xpath: //a[contains(text(),'HP LP3065')]]
2023-05-16 17:05:466 INFO  DesktopPage :109 - Get text HP[[ChromeDriver: chrome on WINDOWS (ed066e2c9930313d7e782d28e89dc009)] -> xpath: //h1[contains(text(),'HP LP3065')]]
2023-05-16 17:05:776 INFO  DesktopPage :104 - Add to cart[[ChromeDriver: chrome on WINDOWS (ed066e2c9930313d7e782d28e89dc009)] -> id: button-cart]
2023-05-16 17:05:189 INFO  DesktopPage :114 - Get text Success Message[[ChromeDriver: chrome on WINDOWS (ed066e2c9930313d7e782d28e89dc009)] -> xpath: //div[@class='alert alert-success alert-dismissible']]
2023-05-16 17:05:220 INFO  ShoppingCartPage :34 - Click on shopping cart[[ChromeDriver: chrome on WINDOWS (ed066e2c9930313d7e782d28e89dc009)] -> xpath: //a[contains(text(),'shopping cart')]]
2023-05-16 17:05:771 INFO  DesktopPage :119 - Get text Shopping cart[[ChromeDriver: chrome on WINDOWS (ed066e2c9930313d7e782d28e89dc009)] -> xpath: //h1[contains(text(),'Shopping Cart')]]
2023-05-16 17:05:825 INFO  ShoppingCartPage :40 - Click on currency tab[[ChromeDriver: chrome on WINDOWS (ed066e2c9930313d7e782d28e89dc009)] -> xpath: //span[contains(text(),'Currency')]]
2023-05-16 17:05:947 INFO  ShoppingCartPage :45 - Click on pound sterling[[ChromeDriver: chrome on WINDOWS (ed066e2c9930313d7e782d28e89dc009)] -> xpath: //button[contains(text(),'£Pound Sterling')]]
2023-05-16 17:05:928 INFO  DesktopPage :124 - Get text HPP Product[[ChromeDriver: chrome on WINDOWS (ed066e2c9930313d7e782d28e89dc009)] -> xpath: (//a[text()='HP LP3065'])[2]]
2023-05-16 17:05:964 INFO  DesktopPage :139 - Get text delivery date[[ChromeDriver: chrome on WINDOWS (ed066e2c9930313d7e782d28e89dc009)] -> xpath: //small[normalize-space()='Delivery Date:2023-11-30']]
2023-05-16 17:05:998 INFO  DesktopPage :129 - Get text Product 21[[ChromeDriver: chrome on WINDOWS (ed066e2c9930313d7e782d28e89dc009)] -> xpath: //td[normalize-space()='Product 21']]
2023-05-16 17:05:41 INFO  DesktopPage :134 - Get text Total cost[[ChromeDriver: chrome on WINDOWS (ed066e2c9930313d7e782d28e89dc009)] -> xpath: (//td[@class='text-right'][normalize-space()='£74.73'])[4]]
2023-05-16 17:05:960 INFO  HomePage :56 - Mouse hover and click on Laptop and Notebooks[[ChromeDriver: chrome on WINDOWS (7e6311a4f49e35aab16833125d84b526)] -> link text: Laptops & Notebooks]
2023-05-16 17:05:185 INFO  LaptopsAndNotebooksPage :104 - Click on show all laptop and notebooks[[ChromeDriver: chrome on WINDOWS (7e6311a4f49e35aab16833125d84b526)] -> link text: Show AllLaptops & Notebooks]
2023-05-16 17:05:25 INFO  LaptopsAndNotebooksPage :121 - Original product list[[[ChromeDriver: chrome on WINDOWS (7e6311a4f49e35aab16833125d84b526)] -> xpath: //p[@class ='price']], [[ChromeDriver: chrome on WINDOWS (7e6311a4f49e35aab16833125d84b526)] -> xpath: //p[@class ='price']], [[ChromeDriver: chrome on WINDOWS (7e6311a4f49e35aab16833125d84b526)] -> xpath: //p[@class ='price']], [[ChromeDriver: chrome on WINDOWS (7e6311a4f49e35aab16833125d84b526)] -> xpath: //p[@class ='price']], [[ChromeDriver: chrome on WINDOWS (7e6311a4f49e35aab16833125d84b526)] -> xpath: //p[@class ='price']]]
2023-05-16 17:05:51 INFO  LaptopsAndNotebooksPage :127 - Product Sort by High low price[[ChromeDriver: chrome on WINDOWS (7e6311a4f49e35aab16833125d84b526)] -> id: input-sort]
2023-05-16 17:05:624 INFO  LaptopsAndNotebooksPage :143 - Click on Macbook[[ChromeDriver: chrome on WINDOWS (7e6311a4f49e35aab16833125d84b526)] -> link text: MacBook]
